<?xml version="1.0" encoding="UTF-8"?>
<!-- Generated by org.testng.reporters.JUnitReportReporter -->
<testsuite skipped="0" hostname="desktop" name="mydemo.MainDemo" tests="8" failures="0" timestamp="2020-07-17T15:33:14 IST" time="47.978" errors="0">
  <testcase name="regiternewaccound" time="8.348" classname="mydemo.MainDemo"/>
  <system-out/>
  <testcase name="logout1" time="3.369" classname="mydemo.MainDemo"/>
  <system-out/>
  <testcase name="login" time="4.138" classname="mydemo.MainDemo"/>
  <system-out/>
  <testcase name="search" time="2.029" classname="mydemo.MainDemo"/>
  <system-out/>
  <testcase name="addtowishlist" time="5.960" classname="mydemo.MainDemo"/>
  <system-out/>
  <testcase name="addtocard" time="19.494" classname="mydemo.MainDemo"/>
  <system-out/>
  <testcase name="logout" time="1.767" classname="mydemo.MainDemo"/>
  <system-out/>
  <testcase name="invalidlogin" time="2.873" classname="mydemo.MainDemo"/>
  <system-out/>
</testsuite> <!-- mydemo.MainDemo -->
